2025-04-27 13:50:16  [main] INFO  com.psj.user.test.RedisUtilTest - Starting RedisUtilTest using Java 1.8.0_431 on pengshj with PID 32716 (started by psj in E:\workerIde\ape-frame\ape-user)
2025-04-27 13:50:16  [main] INFO  com.psj.user.test.RedisUtilTest - The following profiles are active: local
2025-04-27 13:50:37  [main] INFO  com.psj.user.test.RedisUtilTest - Starting RedisUtilTest using Java 1.8.0_431 on pengshj with PID 13096 (started by psj in E:\workerIde\ape-frame\ape-user)
2025-04-27 13:50:37  [main] INFO  com.psj.user.test.RedisUtilTest - The following profiles are active: local
2025-04-27 13:50:47  [main] INFO  org.apache.coyote.http11.Http11NioProtocol - Initializing ProtocolHandler ["http-nio-auto-1"]
2025-04-27 13:50:47  [main] INFO  org.apache.catalina.core.StandardService - Starting service [Tomcat]
2025-04-27 13:50:47  [main] INFO  org.apache.catalina.core.StandardEngine - Starting Servlet engine: [Apache Tomcat/9.0.52]
2025-04-27 13:50:50  [main] INFO  org.apache.catalina.core.ContainerBase.[Tomcat].[localhost].[/] - Initializing Spring embedded WebApplicationContext
2025-04-27 13:51:08  [main] INFO  org.apache.coyote.http11.Http11NioProtocol - Initializing ProtocolHandler ["http-nio-auto-1"]
2025-04-27 13:51:08  [main] INFO  org.apache.catalina.core.StandardService - Starting service [Tomcat]
2025-04-27 13:51:08  [main] INFO  org.apache.catalina.core.StandardEngine - Starting Servlet engine: [Apache Tomcat/9.0.52]
2025-04-27 13:51:10  [main] INFO  org.apache.catalina.core.ContainerBase.[Tomcat].[localhost].[/] - Initializing Spring embedded WebApplicationContext
2025-04-27 13:51:16  [main] INFO  com.alibaba.druid.spring.boot.autoconfigure.DruidDataSourceAutoConfigure - Init DruidDataSource
2025-04-27 13:51:16  [main] INFO  com.alibaba.druid.spring.boot.autoconfigure.DruidDataSourceAutoConfigure - Init DruidDataSource
2025-04-27 13:51:18  [main] INFO  com.alibaba.druid.pool.DruidDataSource - {dataSource-1} inited
2025-04-27 13:51:23  [main] INFO  com.alibaba.druid.pool.DruidDataSource - {dataSource-1} inited
2025-04-27 13:51:25  [main] INFO  org.apache.coyote.http11.Http11NioProtocol - Starting ProtocolHandler ["http-nio-auto-1"]
2025-04-27 13:51:26  [main] INFO  com.psj.user.test.RedisUtilTest - Started RedisUtilTest in 49.525 seconds (JVM running for 50.803)
2025-04-27 13:51:29  [SpringApplicationShutdownHook] INFO  com.alibaba.druid.pool.DruidDataSource - {dataSource-1} closing ...
2025-04-27 13:51:29  [SpringApplicationShutdownHook] INFO  com.alibaba.druid.pool.DruidDataSource - {dataSource-1} closed
2025-04-27 13:51:47  [main] INFO  com.psj.user.test.RedisUtilTest - Started RedisUtilTest in 91.341 seconds (JVM running for 93.191)
2025-04-27 13:51:48  [SpringApplicationShutdownHook] INFO  com.alibaba.druid.pool.DruidDataSource - {dataSource-1} closing ...
2025-04-27 13:51:48  [SpringApplicationShutdownHook] INFO  com.alibaba.druid.pool.DruidDataSource - {dataSource-1} closed
2025-04-27 13:52:42  [main] INFO  com.psj.user.test.RedisUtilTest - Starting RedisUtilTest using Java 1.8.0_431 on pengshj with PID 9192 (started by psj in E:\workerIde\ape-frame\ape-user)
2025-04-27 13:52:42  [main] INFO  com.psj.user.test.RedisUtilTest - The following profiles are active: local
2025-04-27 13:52:50  [main] INFO  org.apache.coyote.http11.Http11NioProtocol - Initializing ProtocolHandler ["http-nio-auto-1"]
2025-04-27 13:52:50  [main] INFO  org.apache.catalina.core.StandardService - Starting service [Tomcat]
2025-04-27 13:52:50  [main] INFO  org.apache.catalina.core.StandardEngine - Starting Servlet engine: [Apache Tomcat/9.0.52]
2025-04-27 13:52:50  [main] INFO  org.apache.catalina.core.ContainerBase.[Tomcat].[localhost].[/] - Initializing Spring embedded WebApplicationContext
2025-04-27 13:52:58  [main] INFO  com.alibaba.druid.spring.boot.autoconfigure.DruidDataSourceAutoConfigure - Init DruidDataSource
2025-04-27 13:53:05  [main] INFO  com.alibaba.druid.pool.DruidDataSource - {dataSource-1} inited
2025-04-27 13:57:55  [main] INFO  org.apache.coyote.http11.Http11NioProtocol - Starting ProtocolHandler ["http-nio-auto-1"]
2025-04-27 13:57:55  [main] INFO  com.psj.user.test.RedisUtilTest - Started RedisUtilTest in 313.743 seconds (JVM running for 314.901)
2025-04-27 13:57:58  [SpringApplicationShutdownHook] INFO  com.alibaba.druid.pool.DruidDataSource - {dataSource-1} closing ...
2025-04-27 13:57:58  [SpringApplicationShutdownHook] INFO  com.alibaba.druid.pool.DruidDataSource - {dataSource-1} closed
